     1                                 %line 1+1 ast9.asm
     2                                 
     3                                 
     4                                 
     5                                 
     6                                 
     7                                 
     8                                 
     9                                 
    10                                 
    11                                 
    12                                 
    13                                 
    14                                 
    15                                 
    16                                 
    17                                 
    18                                 
    19                                 
    20                                 
    21                                 
    22                                 
    23                                 
    24                                 [section .data]
    25                                 
    26                                 
    27                                 
    28                                 
    29                                 TRUE equ 1
    30                                 FALSE equ 0
    31                                 
    32                                 EXIT_SUCCESS equ 0
    33                                 
    34                                 STDIN equ 0
    35                                 STDOUT equ 1
    36                                 STDERR equ 2
    37                                 
    38                                 SYS_read equ 0
    39                                 SYS_write equ 1
    40                                 SYS_open equ 2
    41                                 SYS_close equ 3
    42                                 SYS_fork equ 57
    43                                 SYS_exit equ 60
    44                                 SYS_creat equ 85
    45                                 SYS_time equ 201
    46                                 
    47                                 LF equ 10
    48                                 SPACE equ " "
    49                                 NULL equ 0
    50                                 ESC equ 27
    51                                 
    52                                 
    53                                 
    54                                 
    55                                 SUCCESS equ 0
    56                                 BADNUMBER equ 1
    57                                 INPUTOVERFLOW equ 2
    58                                 OUTOFRANGE equ 3
    59                                 ENDOFINPUT equ 4
    60                                 
    61                                 LIMIT equ 1510
    62                                 SQRT_ITERATIONS equ 50
    63                                 
    64                                 MIN equ 1
    65                                 MAX equ 1500
    66                                 BUFFSIZE equ 50
    67                                 
    68                                 
    69                                 
    70                                 
    71                                 
    72                                 
    73                                 
    74                                 
    75                                 
    76                                 
    77                                 
    78                                 
    79                                 
    80                                 
    81                                 
    82                                 
    83                                 
    84                                 
    85                                 
    86                                 
    87                                 
    88                                 
    89                                 
    90                                 
    91                                 [section .text]
    92                                 
    93                                 
    94                                 
    95                                 [global readHexNum]
    96                                 readHexNum:
    97                                 
    98 00000000 55                     push rbp
    99 00000001 4889E5                 mov rbp, rsp
   100                                 
   101 00000004 53                     push rbx
   102 00000005 51                     push rcx
   103 00000006 4150                   push r8
   104 00000008 4152                   push r10
   105 0000000A 4153                   push r11
   106                                 
   107 0000000C 49C7C200000000         mov r10, 0
   108 00000013 4883EC32               sub rsp,BUFFSIZE
   109                                 
   110 00000017 4889EB                 mov rbx, rbp
   111 0000001A 4883EB32               sub rbx, BUFFSIZE
   112                                 
   113 0000001E 48C7C000000000         mov rax, 0
   114                                 
   115                                 leadingzero:
   116 00000025 E8E3000000             call readchar
   117 0000002A 448A13                 mov r10b, byte [rbx]
   118 0000002D E866000000             call grabNibble
   119                                 
   120 00000032 4983F920               cmp r9, SPACE
   121 00000036 74EB                   je leadingzero
   122 00000038 4180FA00               cmp r10b, 0
   123 0000003C 74E5                   je leadingzero
   124 0000003E 4983F900               cmp r9, SUCCESS
   125 00000042 754A                   jne failure
   126                                 
   127 00000044 4401D0                 add eax, r10d
   128 00000047 48C7C107000000         mov rcx, 7
   129                                 
   130                                 loadnumber:
   131 0000004E E8BA000000             call readchar
   132 00000053 448A13                 mov r10b,byte [rbx]
   133 00000056 E83D000000             call grabNibble
   134 0000005B 4983F900               cmp r9, SUCCESS
   135 0000005F 750D                   jne testlf
   136 00000061 C1E004                 shl eax, 4
   137 00000064 4401D0                 add eax, r10d
   138 00000067 E2E3                   loop loadnumber
   139                                 
   140 00000069 49C7C102000000         mov r9, INPUTOVERFLOW
   141                                 
   142                                 
   143                                 testlf:
   144                                 
   145 00000070 4983F90A               cmp r9, LF
   146 00000074 7518                   jne failure
   147 00000076 83F800                 cmp eax, 0
   148 00000079 7507                   jne passvalue
   149                                 
   150 0000007B 49C7C104000000         mov r9, ENDOFINPUT
   151 00000082 EB0A                   jmp failure
   152                                 
   153                                 passvalue:
   154 00000084 49C7C100000000         mov r9, SUCCESS
   155 0000008B 8907                   mov dword [rdi],eax
   156 0000008D 4C89C8                 mov rax, r9
   157                                 
   158                                 failure:
   159 00000090 415B                   pop r11
   160 00000092 415A                   pop r10
   161 00000094 4158                   pop r8
   162 00000096 59                     pop rcx
   163                                 
   164 00000097 57                     push rdi
   165 00000098 4889EC                 mov rsp, rbp
   166 0000009B 5D                     pop rbp
   167                                 
   168 0000009C C3                     ret
   169                                 
   170                                 
   171                                 
   172                                 
   173                                 [global grabNibble]
   174                                 grabNibble:
   175                                 
   176 0000009D 55                     push rbp
   177 0000009E 4889E5                 mov rbp, rsp
   178 000000A1 53                     push rbx
   179 000000A2 50                     push rax
   180                                 
   181 000000A3 4180FA0A               cmp r10b, LF
   182 000000A7 7453                   je linefeed
   183                                 
   184 000000A9 4180FA00               cmp r10b, NULL
   185 000000AD 744D                   je linefeed
   186                                 
   187 000000AF 4180FA1B               cmp r10b, ESC
   188 000000B3 7447                   je linefeed
   189                                 
   190 000000B5 4180FA20               cmp r10b, SPACE
   191 000000B9 7501                   jne presson
   192                                 zeroit:
   193 000000BB 41B230                 mov r10b, 30
   194                                 
   195                                 presson:
   196 000000BE 4180FA40               cmp r10b, 40
   197 000000C2 770A                   ja alpha
   198                                 
   199 000000C4 4180EA30               sub r10b, 30
   200 000000C8 4180FA00               cmp r10b, 0
   201 000000CC 7C1E                   jl error
   202 000000CE EB25                   jmp done
   203                                 
   204                                 alpha:
   205 000000D0 4180FA60               cmp r10b, 60
   206 000000D4 770A                   ja lowercase
   207 000000D6 4180EA37               sub r10b, 37
   208 000000DA 4180FA0F               cmp r10b, 0f
   209 000000DE 770C                   ja error
   210 000000E0 EB13                   jmp done
   211                                 
   212                                 lowercase:
   213 000000E2 4180EA57               sub r10b, 57
   214 000000E6 4180FA0F               cmp r10b, 0f
   215 000000EA 7700                   ja error
   216 000000EC EB07                   jmp done
   217                                 
   218                                 error:
   219 000000EE 49C7C101000000         mov r9, BADNUMBER
   220 000000F5 EB12                   jmp loadresult
   221                                 
   222                                 done:
   223 000000F7 49C7C100000000         mov r9,SUCCESS
   224                                 
   225                                 linefeed:
   226 000000FE 4883F800               cmp rax, 0
   227 00000102 7505                   jne loadresult
   228 00000104 49C7C104000000         mov r9,ENDOFINPUT
   229                                 
   230                                 loadresult:
   231                                 
   232 0000010B 58                     pop rax
   233 0000010C 5B                     pop rbx
   234 0000010D 4889E5                 mov rbp, rsp
   235 00000110 5D                     pop rbp
   236 00000111 C3                     ret
   237                                 
   238                                 
   239                                 
   240                                 [global readchar]
   241                                 readchar:
   242                                 
   243 00000112 55                     push rbp
   244 00000113 4889E5                 mov rbp, rsp
   245                                 
   246 00000116 50                     push rax
   247 00000117 57                     push rdi
   248 00000118 56                     push rsi
   249 00000119 52                     push rdx
   250 0000011A 4157                   push r15
   251                                 
   252 0000011C 4989FF                 mov r15, rdi
   253 0000011F 48C7C000000000         mov rax, SYS_read
   254 00000126 48C7C700000000         mov rdi, STDIN
   255 0000012D 4889DE                 mov rsi, rbx
   256 00000130 48C7C201000000         mov rdx, 1
   257 00000137 0F05                   syscall
   258                                 
   259 00000139 415F                   pop r15
   260 0000013B 5A                     pop rdx
   261 0000013C 5E                     pop rsi
   262 0000013D 5F                     pop rdi
   263 0000013E 58                     pop rax
   264                                 
   265 0000013F 4889E5                 mov rbp, rsp
   266 00000142 5D                     pop rbp
   267 00000143 C3                     ret
   268                                 
   269                                 
   270                                 
   271                                 
   272                                 
   273                                 
   274                                 
   275                                 
   276                                 
   277                                 
   278                                 
   279                                 
   280                                 
   281                                 
   282                                 
   283                                 
   284                                 
   285                                 
   286                                 
   287                                 
   288                                 
   289                                 
   290                                 
   291                                 
   292                                 
   293                                 
   294                                 
   295                                 
   296                                 
   297                                 
   298                                 
   299                                 
   300                                 
   301                                 
   302                                 
   303                                 
   304                                 [global bucketSort]
   305                                 bucketSort:
   306                                 
   307 00000144 55                     push rbp
   308 00000145 4889E5                 mov rbp, rsp
   309                                 
   310 00000148 4881EC98170000         sub rsp, LIMIT * 4
   311                                 
   312 0000014F 50                     push rax
   313 00000150 53                     push rbx
   314 00000151 51                     push rcx
   315 00000152 52                     push rdx
   316 00000153 4150                   push r8
   317 00000155 4151                   push r9
   318 00000157 4152                   push r10
   319 00000159 4157                   push r15
   320                                 
   321 0000015B 48C7C1E6050000         mov rcx, LIMIT
   322 00000162 488D9568E8FFFF         lea rdx, dword[rbp - LIMIT * 4]
   323                                 
   324                                 
   325                                 
   326                                 
   327                                 erase:
   328 00000169 C70200000000           mov [rdx], dword 0
   329 0000016F 4883C204               add rdx, 4
   330 00000173 E2F2                   loop erase
   331                                 
   332                                 
   333                                 
   334 00000175 4889F1                 mov rcx, rsi
   335                                 
   336 00000178 488D9568E8FFFF         lea rdx, [rbp - LIMIT * 4]
   337 0000017F 4889FB                 mov rbx, rdi
   338                                 
   339                                 
   340                                 
   341                                 
   342                                 bucket:
   343 00000182 49C7C000000000         mov r8, 0
   344 00000189 448B03                 mov r8d, dword [rbx]
   345 0000018C 49C1E002               shl r8, 2
   346 00000190 4C01C2                 add rdx, r8
   347 00000193 830201                 add dword [rdx],1
   348 00000196 4883C304               add rbx, 4
   349 0000019A 488D9568E8FFFF         lea rdx, [rbp - LIMIT * 4]
   350 000001A1 E2DD                   loop bucket
   351                                 
   352                                 
   353                                 
   354                                 
   355                                 
   356 000001A3 49C7C100000000         mov r9, 0
   357 000001AA 49C7C000000000         mov r8, 0
   358                                 
   359 000001B1 48C7C1E6050000         mov rcx, LIMIT
   360 000001B8 48FFC9                 dec rcx
   361                                 
   362 000001BB 4989F1                 mov r9, rsi
   363 000001BE 49FFC9                 dec r9
   364                                 
   365                                 
   366                                 
   367                                 
   368                                 
   369 000001C1 488D9568E8FFFF         lea rdx, [rbp - LIMIT * 4]
   370                                 
   371                                 passvalues:
   372 000001C8 448B048A               mov r8d, dword [rdx + rcx * 4]
   373 000001CC 4183F800               cmp r8d, 0
   374 000001D0 7410                   je empty
   375                                 
   376                                 innerloop:
   377 000001D2 42890C8F               mov dword [rdi + r9 * 4], ecx
   378 000001D6 49FFC9                 dec r9
   379 000001D9 49FFC8                 dec r8
   380 000001DC 4983F800               cmp r8, 0
   381 000001E0 7400                   je empty
   382 000001E2 EBEC                   jmp innerloop
   383                                 
   384                                 empty:
   385 000001E4 E2E0                   loop passvalues
   386                                 
   387 000001E6 4889EA                 mov rdx, rbp
   388 000001E9 4881EA98170000         sub rdx, LIMIT * 4
   389 000001F0 448B048A               mov r8d, dword [rdx + rcx * 4]
   390 000001F4 4183F800               cmp r8d, 0
   391 000001F8 7413                   je completed
   392                                 
   393                                 zerovalue:
   394 000001FA 4989F9                 mov r9, rdi
   395 000001FD 418909                 mov dword [r9], ecx
   396 00000200 4983E904               sub r9, 4
   397 00000204 49FFC8                 dec r8
   398 00000207 4983F800               cmp r8, 0
   399 0000020B 7400                   je completed
   400 0000020D EBE9                   jmp zerovalue
   401                                 
   402                                 completed:
   403 0000020F 415F                   pop r15
   404 00000211 415A                   pop r10
   405 00000213 4159                   pop r9
   406 00000215 4158                   pop r8
   407 00000217 5A                     pop rdx
   408 00000218 59                     pop rcx
   409 00000219 5B                     pop rbx
   410 0000021A 58                     pop rax
   411                                 
   412 0000021B 4889EC                 mov rsp, rbp
   413 0000021E 5D                     pop rbp
   414                                 
   415 0000021F C3                     ret
   416                                 
   417                                 
   418                                 
   419                                 
   420                                 
   421                                 
   422                                 
   423                                 
   424                                 
   425                                 
   426                                 
   427                                 
   428                                 
   429                                 
   430                                 
   431                                 
   432                                 
   433                                 
   434                                 
   435                                 
   436                                 
   437                                 
   438                                 
   439                                 
   440                                 
   441                                 
   442                                 
   443                                 
   444                                 
   445                                 [global basicStats]
   446                                 basicStats:
   447                                 
   448 00000220 55                     push rbp
   449 00000221 4889E5                 mov rbp, rsp
   450                                 
   451 00000224 4C8B7D10               mov r15, qword [rbp + 16]
   452                                 
   453 00000228 50                     push rax
   454 00000229 53                     push rbx
   455 0000022A 51                     push rcx
   456                                 
   457 0000022B 8B07                   mov eax, dword [rdi]
   458 0000022D 8902                   mov dword[rdx],eax
   459                                 
   460 0000022F 488D1CB7               lea rbx,dword [rdi + rsi * 4]
   461 00000233 4883EB04               sub rbx, 4
   462 00000237 8B03                   mov eax, dword [rbx]
   463 00000239 418900                 mov dword[r8],eax
   464                                 
   465 0000023C 4889F3                 mov rbx, rsi
   466 0000023F 48D1EB                 shr rbx, 1
   467 00000242 7219                   jc noaverage
   468                                 
   469 00000244 4989F2                 mov r10, rsi
   470 00000247 49D1E2                 shl r10, 1
   471 0000024A 4901FA                 add r10, rdi
   472                                 
   473 0000024D 4983EA04               sub r10, 4
   474 00000251 418B02                 mov eax, dword [r10]
   475 00000254 4983C204               add r10, 4
   476 00000258 410302                 add eax, dword [r10]
   477 0000025B D1E8                   shr eax, 1
   478 0000025D EB0B                   jmp result
   479                                 
   480                                 noaverage:
   481 0000025F 4989DA                 mov r10, rbx
   482 00000262 49C1E202               shl r10, 2
   483 00000266 4901FA                 add r10, rdi
   484 00000269 418B02                 mov eax, dword [r10]
   485                                 
   486                                 result:
   487 0000026C 8901                   mov dword [rcx], eax
   488                                 
   489 0000026E 48C7C000000000         mov rax, 0
   490 00000275 48C7C100000000         mov rcx, 0
   491 0000027C 4889F1                 mov rcx, rsi
   492 0000027F 48FFC9                 dec rcx
   493                                 
   494                                 accumulate:
   495 00000282 03048F                 add eax, [rdi + rcx * 4]
   496 00000285 E2F9                   loop accumulate
   497 00000287 03048F                 add eax, [rdi + rcx * 4]
   498                                 ls
   499 0000028A 418901                 mov dword [r9], eax
   500 0000028D 4151                   push r9
   501                                 
   502 0000028F BA00000000             mov edx, 0
   503 00000294 48F7F6                 div rsi
   504 00000297 418907                 mov dword [r15], eax
   505                                 
   506 0000029A 59                     pop rcx
   507 0000029B 5B                     pop rbx
   508 0000029C 58                     pop rax
   509                                 
   510 0000029D 4889EC                 mov rsp, rbp
   511 000002A0 5D                     pop rbp
   512 000002A1 C3                     ret
   513                                 
   514                                 
   515                                 
   516                                 
   517                                 
   518                                 
   519                                 
   520                                 
   521                                 
   522                                 
   523                                 
   524                                 
   525                                 
   526                                 
   527                                 
   528                                 
   529                                 
   530                                 
   531                                 
   532                                 
   533                                 
   534                                 [global intSqrt]
   535                                 intSqrt:
   536                                 
   537 000002A2 4150                   push r8
   538 000002A4 4151                   push r9
   539 000002A6 52                     push rdx
   540                                 
   541                                 
   542 000002A7 48C7C132000000         mov rcx, 50
   543                                 
   544                                 
   545 000002AE 4989F8                 mov r8, rdi
   546 000002B1 4989F9                 mov r9, rdi
   547                                 
   548                                 closeIn:
   549 000002B4 48C7C200000000         mov rdx, 0
   550 000002BB 4C89C0                 mov rax, r8
   551 000002BE 49F7F1                 div r9
   552 000002C1 4C01C8                 add rax, r9
   553 000002C4 48D1E8                 shr rax, 1
   554 000002C7 4989C1                 mov r9, rax
   555 000002CA E2E6                   loop closeIn
   556                                 
   557                                 solved:
   558 000002CC 5A                     pop rdx
   559 000002CD 4159                   pop r9
   560 000002CF 4158                   pop r8
   561                                 
   562 000002D1 C3                     ret
   563                                 
   564                                 
   565                                 
   566                                 
   567                                 
   568                                 
   569                                 
   570                                 
   571                                 
   572                                 
   573                                 
   574                                 
   575                                 
   576                                 
   577                                 
   578                                 
   579                                 
   580                                 
   581                                 
   582                                 
   583                                 
   584                                 
   585                                 
   586                                 [global corrCoefficient]
   587                                 corrCoefficient:
   588                                 
   589 000002D2 55                     push rbp
   590 000002D3 4889E5                 mov rbp, rsp
   591                                 
   592 000002D6 4150                   push r8
   593 000002D8 4151                   push r9
   594 000002DA 4152                   push r10
   595 000002DC 4153                   push r11
   596 000002DE 51                     push rcx
   597                                 
   598 000002DF 49C7C000000000         mov r8, 0
   599 000002E6 49C7C100000000         mov r9, 0
   600 000002ED 49C7C200000000         mov r10, 0
   601 000002F4 49C7C300000000         mov r11, 0
   602 000002FB 48C7C100000000         mov rcx, 0
   603                                 
   604 00000302 4889D1                 mov rcx, rdx
   605                                 
   606                                 summation:
   607 00000305 48C7C200000000         mov rdx, 0
   608 0000030C 48C7C000000000         mov rax, 0
   609 00000313 428B049F               mov eax, dword [rdi + r11 * 4]
   610 00000317 42F7249E               mul dword [rsi + r11 * 4]
   611 0000031B 4901C0                 add r8, rax
   612                                 
   613 0000031E 48C7C200000000         mov rdx, 0
   614 00000325 48C7C000000000         mov rax, 0
   615 0000032C 428B049F               mov eax, dword [rdi + r11 * 4]
   616 00000330 F7E0                   mul eax
   617 00000332 4901C1                 add r9, rax
   618                                 
   619 00000335 48C7C200000000         mov rdx, 0
   620 0000033C 48C7C000000000         mov rax , 0
   621 00000343 428B049E               mov eax, dword [rsi + r11 * 4]
   622 00000347 F7E0                   mul eax
   623 00000349 4901C2                 add r10, rax
   624 0000034C 49FFC3                 inc r11
   625 0000034F E2B2                   loop summation
   626                                 
   627 00000351 48C7C000000000         mov rax, 0
   628 00000358 4C89C8                 mov rax, r9
   629 0000035B 49F7E2                 mul r10
   630                                 
   631 0000035E 4889C7                 mov rdi, rax
   632 00000361 E837FFFFFF             call intSqrt
   633                                 
   634 00000366 F2490F2AC0             cvtsi2sd xmm0, r8
   635 0000036B F2480F2AC8             cvtsi2sd xmm1, rax
   636 00000370 F20F5EC1               divsd xmm0, xmm1
   637                                 
   638 00000374 59                     pop rcx
   639 00000375 415B                   pop r11
   640 00000377 415A                   pop r10
   641 00000379 4159                   pop r9
   642 0000037B 4158                   pop r8
   643                                 
   644 0000037D 4889EC                 mov rsp, rbp
   645 00000380 5D                     pop rbp
   646                                 
   647                                 
   648 00000381 C3                     ret
